<?xml version="1.0" encoding="UTF-8"?>
<!-- Generated by org.testng.reporters.JUnitReportReporter -->
<testsuite skipped="0" hostname="c053f8265e5c" name="com.ibm.watson.health.acd.v1.model.EntityTest" tests="1" failures="0" timestamp="2020-05-12T17:18:45 GMT" time="0.005" errors="0">
  <testcase name="testEntity" time="0.005" classname="com.ibm.watson.health.acd.v1.model.EntityTest"/>
  <system-out/>
</testsuite> <!-- com.ibm.watson.health.acd.v1.model.EntityTest -->
