<?xml version="1.0" encoding="UTF-8"?>
<!-- Generated by org.testng.reporters.JUnitReportReporter -->
<testsuite skipped="0" hostname="c053f8265e5c" name="com.ibm.watson.health.acd.v1.model.ServiceStatusTest" tests="1" failures="0" timestamp="2020-05-12T17:18:45 GMT" time="0.001" errors="0">
  <testcase name="testServiceStatus" time="0.001" classname="com.ibm.watson.health.acd.v1.model.ServiceStatusTest"/>
  <system-out/>
</testsuite> <!-- com.ibm.watson.health.acd.v1.model.ServiceStatusTest -->
