<?xml version="1.0" encoding="UTF-8"?>
<!-- Generated by org.testng.reporters.JUnitReportReporter -->
<testsuite skipped="0" hostname="910185a4f95c" name="com.ibm.watson.health.acd.v1.model.AnnotatorTest" tests="2" failures="0" timestamp="2020-05-09T00:58:36 GMT" time="0.187" errors="0">
  <testcase name="testAnnotatorError" time="0.000" classname="com.ibm.watson.health.acd.v1.model.AnnotatorTest"/>
  <system-out/>
  <testcase name="testAnnotator" time="0.187" classname="com.ibm.watson.health.acd.v1.model.AnnotatorTest"/>
  <system-out/>
</testsuite> <!-- com.ibm.watson.health.acd.v1.model.AnnotatorTest -->
