<?xml version="1.0" encoding="UTF-8"?>
<!-- Generated by org.testng.reporters.JUnitReportReporter -->
<testsuite skipped="0" hostname="c053f8265e5c" name="com.ibm.watson.health.acd.v1.model.CreateProfileOptionsTest" tests="1" failures="0" timestamp="2020-05-12T17:18:45 GMT" time="0.004" errors="0">
  <testcase name="testCreateProfileOptions" time="0.004" classname="com.ibm.watson.health.acd.v1.model.CreateProfileOptionsTest"/>
  <system-out/>
</testsuite> <!-- com.ibm.watson.health.acd.v1.model.CreateProfileOptionsTest -->
