<?xml version="1.0" encoding="UTF-8"?>
<!-- Generated by org.testng.reporters.JUnitReportReporter -->
<testsuite skipped="0" hostname="3e198fa2d732" name="com.ibm.watson.health.acd.v1.model.CartridgesGetIdOptionsTest" tests="2" failures="0" timestamp="2020-06-12T17:34:50 GMT" time="0.001" errors="0">
  <testcase name="testCartridgesGetIdOptions" time="0.001" classname="com.ibm.watson.health.acd.v1.model.CartridgesGetIdOptionsTest"/>
  <system-out/>
  <testcase name="testCartridgesGetIdOptionsError" time="0.000" classname="com.ibm.watson.health.acd.v1.model.CartridgesGetIdOptionsTest"/>
  <system-out/>
</testsuite> <!-- com.ibm.watson.health.acd.v1.model.CartridgesGetIdOptionsTest -->
