<?xml version="1.0" encoding="UTF-8"?>
<!-- Generated by org.testng.reporters.JUnitReportReporter -->
<testsuite skipped="0" hostname="3767f0c890ce" name="com.ibm.watson.health.acd.v1.model.ServiceStatusTest" tests="1" failures="0" timestamp="2020-06-11T13:41:06 GMT" time="0.000" errors="0">
  <testcase name="testServiceStatus" time="0.000" classname="com.ibm.watson.health.acd.v1.model.ServiceStatusTest"/>
  <system-out/>
</testsuite> <!-- com.ibm.watson.health.acd.v1.model.ServiceStatusTest -->
