<?xml version="1.0" encoding="UTF-8"?>
<!-- Generated by org.testng.reporters.JUnitReportReporter -->
<testsuite skipped="0" hostname="3767f0c890ce" name="com.ibm.watson.health.acd.v1.unit.AnnotatorForClinicalDataAcdTest" tests="32" failures="0" timestamp="2020-06-11T13:41:06 GMT" time="4.958" errors="0">
  <testcase name="testCartridgesGetWOptions" time="0.032" classname="com.ibm.watson.health.acd.v1.unit.AnnotatorForClinicalDataAcdTest"/>
  <system-out/>
  <testcase name="testUpdateProfileNoOptions" time="0.011" classname="com.ibm.watson.health.acd.v1.unit.AnnotatorForClinicalDataAcdTest"/>
  <system-out/>
  <testcase name="testCartridgesGetIdWOptions" time="0.559" classname="com.ibm.watson.health.acd.v1.unit.AnnotatorForClinicalDataAcdTest"/>
  <system-out/>
  <testcase name="testUpdateFlowsWOptions" time="0.020" classname="com.ibm.watson.health.acd.v1.unit.AnnotatorForClinicalDataAcdTest"/>
  <system-out/>
  <testcase name="testCartridgesPutMultipartWOptions" time="0.034" classname="com.ibm.watson.health.acd.v1.unit.AnnotatorForClinicalDataAcdTest"/>
  <system-out/>
  <testcase name="testDeleteProfileWOptions" time="0.023" classname="com.ibm.watson.health.acd.v1.unit.AnnotatorForClinicalDataAcdTest"/>
  <system-out/>
  <testcase name="testCartridgesGetIdNoOptions" time="1.721" classname="com.ibm.watson.health.acd.v1.unit.AnnotatorForClinicalDataAcdTest"/>
  <system-out/>
  <testcase name="testCreateFlowsWOptions" time="0.103" classname="com.ibm.watson.health.acd.v1.unit.AnnotatorForClinicalDataAcdTest"/>
  <system-out/>
  <testcase name="testGetAnnotatorsByIdWOptions" time="0.020" classname="com.ibm.watson.health.acd.v1.unit.AnnotatorForClinicalDataAcdTest"/>
  <system-out/>
  <testcase name="testCreateProfileWOptions" time="0.036" classname="com.ibm.watson.health.acd.v1.unit.AnnotatorForClinicalDataAcdTest"/>
  <system-out/>
  <testcase name="testRunPipelineWithFlowNoOptions" time="0.009" classname="com.ibm.watson.health.acd.v1.unit.AnnotatorForClinicalDataAcdTest"/>
  <system-out/>
  <testcase name="testGetVersion" time="0.006" classname="com.ibm.watson.health.acd.v1.unit.AnnotatorForClinicalDataAcdTest"/>
  <system-out/>
  <testcase name="testGetProfilesWOptions" time="0.022" classname="com.ibm.watson.health.acd.v1.unit.AnnotatorForClinicalDataAcdTest"/>
  <system-out/>
  <testcase name="testGetProfileNoOptions" time="0.009" classname="com.ibm.watson.health.acd.v1.unit.AnnotatorForClinicalDataAcdTest"/>
  <system-out/>
  <testcase name="testRunPipelineWOptions" time="1.254" classname="com.ibm.watson.health.acd.v1.unit.AnnotatorForClinicalDataAcdTest"/>
  <system-out/>
  <testcase name="testGetFlowsWOptions" time="0.019" classname="com.ibm.watson.health.acd.v1.unit.AnnotatorForClinicalDataAcdTest"/>
  <system-out/>
  <testcase name="testGetAnnotatorsWOptions" time="0.026" classname="com.ibm.watson.health.acd.v1.unit.AnnotatorForClinicalDataAcdTest"/>
  <system-out/>
  <testcase name="testCartridgesPostMultipartWOptions" time="0.073" classname="com.ibm.watson.health.acd.v1.unit.AnnotatorForClinicalDataAcdTest"/>
  <system-out/>
  <testcase name="testRunPipelineWithFlowWOptions" time="0.726" classname="com.ibm.watson.health.acd.v1.unit.AnnotatorForClinicalDataAcdTest"/>
  <system-out/>
  <testcase name="testDeleteUserSpecificArtifactsWOptions" time="0.019" classname="com.ibm.watson.health.acd.v1.unit.AnnotatorForClinicalDataAcdTest"/>
  <system-out/>
  <testcase name="testUpdateProfileWOptions" time="0.023" classname="com.ibm.watson.health.acd.v1.unit.AnnotatorForClinicalDataAcdTest"/>
  <system-out/>
  <testcase name="testGetProfileWOptions" time="0.025" classname="com.ibm.watson.health.acd.v1.unit.AnnotatorForClinicalDataAcdTest"/>
  <system-out/>
  <testcase name="testDeleteFlowsWOptions" time="0.020" classname="com.ibm.watson.health.acd.v1.unit.AnnotatorForClinicalDataAcdTest"/>
  <system-out/>
  <testcase name="testGetFlowsByIdNoOptions" time="0.008" classname="com.ibm.watson.health.acd.v1.unit.AnnotatorForClinicalDataAcdTest"/>
  <system-out/>
  <testcase name="testUpdateFlowsNoOptions" time="0.010" classname="com.ibm.watson.health.acd.v1.unit.AnnotatorForClinicalDataAcdTest"/>
  <system-out/>
  <testcase name="testDeleteProfileNoOptions" time="0.015" classname="com.ibm.watson.health.acd.v1.unit.AnnotatorForClinicalDataAcdTest"/>
  <system-out/>
  <testcase name="testGetAnnotatorsByIdNoOptions" time="0.009" classname="com.ibm.watson.health.acd.v1.unit.AnnotatorForClinicalDataAcdTest"/>
  <system-out/>
  <testcase name="testGetFlowsByIdWOptions" time="0.025" classname="com.ibm.watson.health.acd.v1.unit.AnnotatorForClinicalDataAcdTest"/>
  <system-out/>
  <testcase name="testDeployCartridgeWOptions" time="0.024" classname="com.ibm.watson.health.acd.v1.unit.AnnotatorForClinicalDataAcdTest"/>
  <system-out/>
  <testcase name="testDeleteFlowsNoOptions" time="0.010" classname="com.ibm.watson.health.acd.v1.unit.AnnotatorForClinicalDataAcdTest"/>
  <system-out/>
  <testcase name="testGetHealthCheckStatusWOptions" time="0.021" classname="com.ibm.watson.health.acd.v1.unit.AnnotatorForClinicalDataAcdTest"/>
  <system-out/>
  <testcase name="testConstructorWithNullAuthenticator" time="0.046" classname="com.ibm.watson.health.acd.v1.unit.AnnotatorForClinicalDataAcdTest"/>
  <system-out/>
</testsuite> <!-- com.ibm.watson.health.acd.v1.unit.AnnotatorForClinicalDataAcdTest -->
