<?xml version="1.0" encoding="UTF-8"?>
<!-- Generated by org.testng.reporters.JUnitReportReporter -->
<testsuite skipped="0" hostname="3767f0c890ce" name="com.ibm.watson.health.acd.v1.model.AcdFlowTest" tests="1" failures="0" timestamp="2020-06-11T13:41:06 GMT" time="0.008" errors="0">
  <testcase name="testAcdFlow" time="0.008" classname="com.ibm.watson.health.acd.v1.model.AcdFlowTest"/>
  <system-out/>
</testsuite> <!-- com.ibm.watson.health.acd.v1.model.AcdFlowTest -->
