<?xml version="1.0" encoding="UTF-8"?>
<!-- Generated by org.testng.reporters.JUnitReportReporter -->
<testsuite skipped="0" hostname="3767f0c890ce" name="com.ibm.watson.health.acd.v1.model.CartridgesPutMultipartOptionsTest" tests="1" failures="0" timestamp="2020-06-11T13:41:06 GMT" time="0.005" errors="0">
  <testcase name="testCartridgesPutMultipartOptions" time="0.005" classname="com.ibm.watson.health.acd.v1.model.CartridgesPutMultipartOptionsTest"/>
  <system-out/>
</testsuite> <!-- com.ibm.watson.health.acd.v1.model.CartridgesPutMultipartOptionsTest -->
