<?xml version="1.0" encoding="UTF-8"?>
<!-- Generated by org.testng.reporters.JUnitReportReporter -->
<testsuite skipped="0" hostname="3767f0c890ce" name="com.ibm.watson.health.acd.v1.model.CreateProfileOptionsTest" tests="1" failures="0" timestamp="2020-06-11T13:41:06 GMT" time="0.033" errors="0">
  <testcase name="testCreateProfileOptions" time="0.033" classname="com.ibm.watson.health.acd.v1.model.CreateProfileOptionsTest"/>
  <system-out/>
</testsuite> <!-- com.ibm.watson.health.acd.v1.model.CreateProfileOptionsTest -->
