<?xml version="1.0" encoding="UTF-8"?>
<!-- Generated by org.testng.reporters.JUnitReportReporter -->
<testsuite skipped="0" hostname="a019d8f7406b" name="com.ibm.watson.health.iml.v1.model.GetCuiInfoOptionsTest" tests="2" failures="0" timestamp="2020-05-08T01:41:07 GMT" time="0.009" errors="0">
  <testcase name="testGetCuiInfoOptionsError" time="0.000" classname="com.ibm.watson.health.iml.v1.model.GetCuiInfoOptionsTest"/>
  <system-out/>
  <testcase name="testGetCuiInfoOptions" time="0.009" classname="com.ibm.watson.health.iml.v1.model.GetCuiInfoOptionsTest"/>
  <system-out/>
</testsuite> <!-- com.ibm.watson.health.iml.v1.model.GetCuiInfoOptionsTest -->
