<?xml version="1.0" encoding="UTF-8"?>
<!-- Generated by org.testng.reporters.JUnitReportReporter -->
<testsuite skipped="0" hostname="910185a4f95c" name="com.ibm.watson.health.iml.v1.model.GetCuiInfoOptionsTest" tests="2" failures="0" timestamp="2020-05-09T00:58:57 GMT" time="0.002" errors="0">
  <testcase name="testGetCuiInfoOptions" time="0.001" classname="com.ibm.watson.health.iml.v1.model.GetCuiInfoOptionsTest"/>
  <system-out/>
  <testcase name="testGetCuiInfoOptionsError" time="0.001" classname="com.ibm.watson.health.iml.v1.model.GetCuiInfoOptionsTest"/>
  <system-out/>
</testsuite> <!-- com.ibm.watson.health.iml.v1.model.GetCuiInfoOptionsTest -->
