<?xml version="1.0" encoding="UTF-8"?>
<!-- Generated by org.testng.reporters.JUnitReportReporter -->
<testsuite skipped="0" hostname="c053f8265e5c" name="com.ibm.watson.health.iml.v1.model.GetDocumentInfoOptionsTest" tests="2" failures="0" timestamp="2020-05-12T17:19:09 GMT" time="0.001" errors="0">
  <testcase name="testGetDocumentInfoOptionsError" time="0.000" classname="com.ibm.watson.health.iml.v1.model.GetDocumentInfoOptionsTest"/>
  <system-out/>
  <testcase name="testGetDocumentInfoOptions" time="0.001" classname="com.ibm.watson.health.iml.v1.model.GetDocumentInfoOptionsTest"/>
  <system-out/>
</testsuite> <!-- com.ibm.watson.health.iml.v1.model.GetDocumentInfoOptionsTest -->
