<?xml version="1.0" encoding="UTF-8"?>
<!-- Generated by org.testng.reporters.JUnitReportReporter -->
<testsuite skipped="0" hostname="c053f8265e5c" name="com.ibm.watson.health.iml.v1.unit.InsightsForMedicalLiteratureServiceTest" tests="50" failures="0" timestamp="2020-05-12T17:19:09 GMT" time="4.972" errors="0">
  <testcase name="testGetDocumentInfoWOptions" time="0.027" classname="com.ibm.watson.health.iml.v1.unit.InsightsForMedicalLiteratureServiceTest"/>
  <system-out/>
  <testcase name="testMonitorCorpusWOptions" time="0.018" classname="com.ibm.watson.health.iml.v1.unit.InsightsForMedicalLiteratureServiceTest"/>
  <system-out/>
  <testcase name="testSearchNoOptions" time="0.009" classname="com.ibm.watson.health.iml.v1.unit.InsightsForMedicalLiteratureServiceTest"/>
  <system-out/>
  <testcase name="testAddArtifactNoOptions" time="1.425" classname="com.ibm.watson.health.iml.v1.unit.InsightsForMedicalLiteratureServiceTest"/>
  <system-out/>
  <testcase name="testGetDocumentsNoOptions" time="0.007" classname="com.ibm.watson.health.iml.v1.unit.InsightsForMedicalLiteratureServiceTest"/>
  <system-out/>
  <testcase name="testTokenizeWOptions" time="0.018" classname="com.ibm.watson.health.iml.v1.unit.InsightsForMedicalLiteratureServiceTest"/>
  <system-out/>
  <testcase name="testGetCuiInfoNoOptions" time="0.011" classname="com.ibm.watson.health.iml.v1.unit.InsightsForMedicalLiteratureServiceTest"/>
  <system-out/>
  <testcase name="testGetRelatedConceptsWOptions" time="0.029" classname="com.ibm.watson.health.iml.v1.unit.InsightsForMedicalLiteratureServiceTest"/>
  <system-out/>
  <testcase name="testGetDocumentCategoriesWOptions" time="0.045" classname="com.ibm.watson.health.iml.v1.unit.InsightsForMedicalLiteratureServiceTest"/>
  <system-out/>
  <testcase name="testGetSimilarConceptsWOptions" time="0.023" classname="com.ibm.watson.health.iml.v1.unit.InsightsForMedicalLiteratureServiceTest"/>
  <system-out/>
  <testcase name="testTypeaheadWOptions" time="1.276" classname="com.ibm.watson.health.iml.v1.unit.InsightsForMedicalLiteratureServiceTest"/>
  <system-out/>
  <testcase name="testConstructorWithNullAuthenticator" time="0.046" classname="com.ibm.watson.health.iml.v1.unit.InsightsForMedicalLiteratureServiceTest"/>
  <system-out/>
  <testcase name="testDeleteCorpusSchemaWOptions" time="0.114" classname="com.ibm.watson.health.iml.v1.unit.InsightsForMedicalLiteratureServiceTest"/>
  <system-out/>
  <testcase name="testGetDocumentMultipleCategoriesNoOptions" time="0.009" classname="com.ibm.watson.health.iml.v1.unit.InsightsForMedicalLiteratureServiceTest"/>
  <system-out/>
  <testcase name="testGetCorporaConfigWOptions" time="0.021" classname="com.ibm.watson.health.iml.v1.unit.InsightsForMedicalLiteratureServiceTest"/>
  <system-out/>
  <testcase name="testGetHitCountWOptions" time="0.016" classname="com.ibm.watson.health.iml.v1.unit.InsightsForMedicalLiteratureServiceTest"/>
  <system-out/>
  <testcase name="testGetDocumentsWOptions" time="0.022" classname="com.ibm.watson.health.iml.v1.unit.InsightsForMedicalLiteratureServiceTest"/>
  <system-out/>
  <testcase name="testAddCorpusDocumentWOptions" time="0.025" classname="com.ibm.watson.health.iml.v1.unit.InsightsForMedicalLiteratureServiceTest"/>
  <system-out/>
  <testcase name="testGetSearchMatchesNoOptions" time="0.010" classname="com.ibm.watson.health.iml.v1.unit.InsightsForMedicalLiteratureServiceTest"/>
  <system-out/>
  <testcase name="testGetServiceStatusWOptions" time="0.018" classname="com.ibm.watson.health.iml.v1.unit.InsightsForMedicalLiteratureServiceTest"/>
  <system-out/>
  <testcase name="testTokenizeNoOptions" time="0.007" classname="com.ibm.watson.health.iml.v1.unit.InsightsForMedicalLiteratureServiceTest"/>
  <system-out/>
  <testcase name="testGetHealthCheckStatusWOptions" time="0.026" classname="com.ibm.watson.health.iml.v1.unit.InsightsForMedicalLiteratureServiceTest"/>
  <system-out/>
  <testcase name="testSearchWOptions" time="0.148" classname="com.ibm.watson.health.iml.v1.unit.InsightsForMedicalLiteratureServiceTest"/>
  <system-out/>
  <testcase name="testGetStatisticsWOptions" time="0.029" classname="com.ibm.watson.health.iml.v1.unit.InsightsForMedicalLiteratureServiceTest"/>
  <system-out/>
  <testcase name="testGetFieldsNoOptions" time="0.008" classname="com.ibm.watson.health.iml.v1.unit.InsightsForMedicalLiteratureServiceTest"/>
  <system-out/>
  <testcase name="testSetCorpusConfigWOptions" time="0.018" classname="com.ibm.watson.health.iml.v1.unit.InsightsForMedicalLiteratureServiceTest"/>
  <system-out/>
  <testcase name="testGetCuiInfoWOptions" time="0.028" classname="com.ibm.watson.health.iml.v1.unit.InsightsForMedicalLiteratureServiceTest"/>
  <system-out/>
  <testcase name="testGetConceptsWOptions" time="0.043" classname="com.ibm.watson.health.iml.v1.unit.InsightsForMedicalLiteratureServiceTest"/>
  <system-out/>
  <testcase name="testAddCorpusDocumentNoOptions" time="0.010" classname="com.ibm.watson.health.iml.v1.unit.InsightsForMedicalLiteratureServiceTest"/>
  <system-out/>
  <testcase name="testGetDocumentAnnotationsWOptions" time="0.025" classname="com.ibm.watson.health.iml.v1.unit.InsightsForMedicalLiteratureServiceTest"/>
  <system-out/>
  <testcase name="testGetDocumentAnnotationsNoOptions" time="0.013" classname="com.ibm.watson.health.iml.v1.unit.InsightsForMedicalLiteratureServiceTest"/>
  <system-out/>
  <testcase name="testTypeaheadNoOptions" time="0.008" classname="com.ibm.watson.health.iml.v1.unit.InsightsForMedicalLiteratureServiceTest"/>
  <system-out/>
  <testcase name="testGetFieldsWOptions" time="0.024" classname="com.ibm.watson.health.iml.v1.unit.InsightsForMedicalLiteratureServiceTest"/>
  <system-out/>
  <testcase name="testGetCorpusConfigWOptions" time="0.670" classname="com.ibm.watson.health.iml.v1.unit.InsightsForMedicalLiteratureServiceTest"/>
  <system-out/>
  <testcase name="testGetSimilarConceptsNoOptions" time="0.007" classname="com.ibm.watson.health.iml.v1.unit.InsightsForMedicalLiteratureServiceTest"/>
  <system-out/>
  <testcase name="testGetConceptsNoOptions" time="0.009" classname="com.ibm.watson.health.iml.v1.unit.InsightsForMedicalLiteratureServiceTest"/>
  <system-out/>
  <testcase name="testAddArtifactWOptions" time="0.556" classname="com.ibm.watson.health.iml.v1.unit.InsightsForMedicalLiteratureServiceTest"/>
  <system-out/>
  <testcase name="testMonitorCorpusNoOptions" time="0.009" classname="com.ibm.watson.health.iml.v1.unit.InsightsForMedicalLiteratureServiceTest"/>
  <system-out/>
  <testcase name="testGetVersion" time="0.007" classname="com.ibm.watson.health.iml.v1.unit.InsightsForMedicalLiteratureServiceTest"/>
  <system-out/>
  <testcase name="testGetDocumentInfoNoOptions" time="0.012" classname="com.ibm.watson.health.iml.v1.unit.InsightsForMedicalLiteratureServiceTest"/>
  <system-out/>
  <testcase name="testGetCorpusConfigNoOptions" time="0.009" classname="com.ibm.watson.health.iml.v1.unit.InsightsForMedicalLiteratureServiceTest"/>
  <system-out/>
  <testcase name="testEnableCorpusSearchTrackingWOptions" time="0.017" classname="com.ibm.watson.health.iml.v1.unit.InsightsForMedicalLiteratureServiceTest"/>
  <system-out/>
  <testcase name="testGetStatisticsNoOptions" time="0.008" classname="com.ibm.watson.health.iml.v1.unit.InsightsForMedicalLiteratureServiceTest"/>
  <system-out/>
  <testcase name="testGetRelatedConceptsNoOptions" time="0.008" classname="com.ibm.watson.health.iml.v1.unit.InsightsForMedicalLiteratureServiceTest"/>
  <system-out/>
  <testcase name="testDeleteCorpusSchemaNoOptions" time="0.011" classname="com.ibm.watson.health.iml.v1.unit.InsightsForMedicalLiteratureServiceTest"/>
  <system-out/>
  <testcase name="testGetDocumentMultipleCategoriesWOptions" time="0.028" classname="com.ibm.watson.health.iml.v1.unit.InsightsForMedicalLiteratureServiceTest"/>
  <system-out/>
  <testcase name="testGetDocumentCategoriesNoOptions" time="0.009" classname="com.ibm.watson.health.iml.v1.unit.InsightsForMedicalLiteratureServiceTest"/>
  <system-out/>
  <testcase name="testGetHitCountNoOptions" time="0.009" classname="com.ibm.watson.health.iml.v1.unit.InsightsForMedicalLiteratureServiceTest"/>
  <system-out/>
  <testcase name="testGetSearchMatchesWOptions" time="0.027" classname="com.ibm.watson.health.iml.v1.unit.InsightsForMedicalLiteratureServiceTest"/>
  <system-out/>
  <testcase name="testSetCorpusSchemaWOptions" time="0.020" classname="com.ibm.watson.health.iml.v1.unit.InsightsForMedicalLiteratureServiceTest"/>
  <system-out/>
</testsuite> <!-- com.ibm.watson.health.iml.v1.unit.InsightsForMedicalLiteratureServiceTest -->
