<?xml version="1.0" encoding="UTF-8"?>
<!-- Generated by org.testng.reporters.JUnitReportReporter -->
<testsuite skipped="0" hostname="3767f0c890ce" name="com.ibm.watson.health.iml.v1.model.GetDocumentInfoOptionsTest" tests="2" failures="0" timestamp="2020-06-11T13:41:30 GMT" time="0.000" errors="0">
  <testcase name="testGetDocumentInfoOptionsError" time="0.000" classname="com.ibm.watson.health.iml.v1.model.GetDocumentInfoOptionsTest"/>
  <system-out/>
  <testcase name="testGetDocumentInfoOptions" time="0.000" classname="com.ibm.watson.health.iml.v1.model.GetDocumentInfoOptionsTest"/>
  <system-out/>
</testsuite> <!-- com.ibm.watson.health.iml.v1.model.GetDocumentInfoOptionsTest -->
