<?xml version="1.0" encoding="UTF-8"?>
<!-- Generated by org.testng.reporters.JUnitReportReporter -->
<testsuite skipped="0" hostname="c053f8265e5c" name="com.ibm.watson.health.iml.v1.model.StringBuilderTest" tests="1" failures="0" timestamp="2020-05-12T17:19:09 GMT" time="0.019" errors="0">
  <testcase name="testStringBuilder" time="0.019" classname="com.ibm.watson.health.iml.v1.model.StringBuilderTest"/>
  <system-out/>
</testsuite> <!-- com.ibm.watson.health.iml.v1.model.StringBuilderTest -->
