<?xml version="1.0" encoding="UTF-8"?>
<!-- Generated by org.testng.reporters.JUnitReportReporter -->
<testsuite skipped="0" hostname="3aa3421042a3" name="com.ibm.watson.health.iml.v1.model.PossbileValuesTest" tests="1" failures="0" timestamp="2020-05-08T00:42:14 GMT" time="0.019" errors="0">
  <testcase name="testPossbileValues" time="0.019" classname="com.ibm.watson.health.iml.v1.model.PossbileValuesTest"/>
  <system-out/>
</testsuite> <!-- com.ibm.watson.health.iml.v1.model.PossbileValuesTest -->
