<?xml version="1.0" encoding="UTF-8"?>
<!-- Generated by org.testng.reporters.JUnitReportReporter -->
<testsuite skipped="0" hostname="a019d8f7406b" name="com.ibm.watson.health.iml.v1.model.GetRelatedConceptsOptionsTest" tests="2" failures="0" timestamp="2020-05-08T01:41:07 GMT" time="0.003" errors="0">
  <testcase name="testGetRelatedConceptsOptionsError" time="0.000" classname="com.ibm.watson.health.iml.v1.model.GetRelatedConceptsOptionsTest"/>
  <system-out/>
  <testcase name="testGetRelatedConceptsOptions" time="0.003" classname="com.ibm.watson.health.iml.v1.model.GetRelatedConceptsOptionsTest"/>
  <system-out/>
</testsuite> <!-- com.ibm.watson.health.iml.v1.model.GetRelatedConceptsOptionsTest -->
