<?xml version="1.0" encoding="UTF-8"?>
<!-- Generated by org.testng.reporters.JUnitReportReporter -->
<testsuite skipped="0" hostname="910185a4f95c" name="com.ibm.watson.health.iml.v1.model.GetConceptsOptionsTest" tests="2" failures="0" timestamp="2020-05-09T00:58:57 GMT" time="0.000" errors="0">
  <testcase name="testGetConceptsOptionsError" time="0.000" classname="com.ibm.watson.health.iml.v1.model.GetConceptsOptionsTest"/>
  <system-out/>
  <testcase name="testGetConceptsOptions" time="0.000" classname="com.ibm.watson.health.iml.v1.model.GetConceptsOptionsTest"/>
  <system-out/>
</testsuite> <!-- com.ibm.watson.health.iml.v1.model.GetConceptsOptionsTest -->
