<?xml version="1.0" encoding="UTF-8"?>
<!-- Generated by org.testng.reporters.JUnitReportReporter -->
<testsuite skipped="0" hostname="a019d8f7406b" name="com.ibm.watson.health.iml.v1.model.RankedDocLinksTest" tests="1" failures="0" timestamp="2020-05-08T01:41:07 GMT" time="0.002" errors="0">
  <testcase name="testRankedDocLinks" time="0.002" classname="com.ibm.watson.health.iml.v1.model.RankedDocLinksTest"/>
  <system-out/>
</testsuite> <!-- com.ibm.watson.health.iml.v1.model.RankedDocLinksTest -->
