<?xml version="1.0" encoding="UTF-8"?>
<!-- Generated by org.testng.reporters.JUnitReportReporter -->
<testsuite skipped="0" hostname="3e198fa2d732" name="com.ibm.watson.health.iml.v1.model.AttributeEntryTest" tests="1" failures="0" timestamp="2020-06-12T17:35:21 GMT" time="0.007" errors="0">
  <testcase name="testAttributeEntry" time="0.007" classname="com.ibm.watson.health.iml.v1.model.AttributeEntryTest"/>
  <system-out/>
</testsuite> <!-- com.ibm.watson.health.iml.v1.model.AttributeEntryTest -->
