<?xml version="1.0" encoding="UTF-8"?>
<!-- Generated by org.testng.reporters.JUnitReportReporter -->
<testsuite skipped="0" hostname="3e198fa2d732" name="com.ibm.watson.health.iml.v1.model.GetDocumentCategoriesOptionsTest" tests="2" failures="0" timestamp="2020-06-12T17:35:21 GMT" time="0.000" errors="0">
  <testcase name="testGetDocumentCategoriesOptionsError" time="0.000" classname="com.ibm.watson.health.iml.v1.model.GetDocumentCategoriesOptionsTest"/>
  <system-out/>
  <testcase name="testGetDocumentCategoriesOptions" time="0.000" classname="com.ibm.watson.health.iml.v1.model.GetDocumentCategoriesOptionsTest"/>
  <system-out/>
</testsuite> <!-- com.ibm.watson.health.iml.v1.model.GetDocumentCategoriesOptionsTest -->
